{
  "stats": {
    "suites": 1,
    "tests": 5,
    "passes": 5,
    "pending": 0,
    "failures": 0,
    "start": "2026-05-15T18:29:05.955Z",
    "end": "2026-05-15T18:29:07.078Z",
    "duration": 1123,
    "testsRegistered": 5,
    "passPercent": 100,
    "pendingPercent": 0,
    "other": 0,
    "hasOther": false,
    "skipped": 0,
    "hasSkipped": false
  },
  "results": [
    {
      "uuid": "e8178d17-021f-4c48-8eea-cbf9dc2322bc",
      "title": "",
      "fullFile": "cypress\\e2e\\api\\posts-api.cy.js",
      "file": "cypress\\e2e\\api\\posts-api.cy.js",
      "beforeHooks": [],
      "afterHooks": [],
      "tests": [],
      "suites": [
        {
          "uuid": "53a6c749-9311-453e-9859-4f770a3ff76f",
          "title": "API - JSONPlaceholder Posts",
          "fullFile": "",
          "file": "",
          "beforeHooks": [],
          "afterHooks": [],
          "tests": [
            {
              "title": "Deve validar GET de um post existente",
              "fullTitle": "API - JSONPlaceholder Posts Deve validar GET de um post existente",
              "timedOut": null,
              "duration": 354,
              "state": "passed",
              "speed": "fast",
              "pass": true,
              "fail": false,
              "pending": false,
              "context": null,
              "code": "cy.request(`${baseUrl}/posts/1`).then(response => {\n  expect(response.status).to.eq(200);\n  expect(response.body).to.have.property('id', 1);\n  expect(response.body).to.have.property('title');\n  expect(response.body).to.have.property('body');\n});",
              "err": {},
              "uuid": "a229a3c4-eb42-4b33-82a2-9cb9d6f88155",
              "parentUUID": "53a6c749-9311-453e-9859-4f770a3ff76f",
              "isHook": false,
              "skipped": false
            },
            {
              "title": "Deve validar criação de post com POST",
              "fullTitle": "API - JSONPlaceholder Posts Deve validar criação de post com POST",
              "timedOut": null,
              "duration": 176,
              "state": "passed",
              "speed": "fast",
              "pass": true,
              "fail": false,
              "pending": false,
              "context": null,
              "code": "cy.fixture('post').then(massa => {\n  cy.request({\n    method: 'POST',\n    url: `${baseUrl}/posts`,\n    body: massa\n  }).then(response => {\n    expect(response.status).to.eq(201);\n    expect(response.body).to.have.property('title', massa.title);\n    expect(response.body).to.have.property('userId', massa.userId);\n  });\n});",
              "err": {},
              "uuid": "c72284eb-ce5a-40d7-a9d4-54b22268f466",
              "parentUUID": "53a6c749-9311-453e-9859-4f770a3ff76f",
              "isHook": false,
              "skipped": false
            },
            {
              "title": "Deve validar atualização de post com PUT",
              "fullTitle": "API - JSONPlaceholder Posts Deve validar atualização de post com PUT",
              "timedOut": null,
              "duration": 164,
              "state": "passed",
              "speed": "fast",
              "pass": true,
              "fail": false,
              "pending": false,
              "context": null,
              "code": "cy.request({\n  method: 'PUT',\n  url: `${baseUrl}/posts/1`,\n  body: {\n    id: 1,\n    title: 'Post atualizado',\n    body: 'Conteúdo atualizado',\n    userId: 1\n  }\n}).then(response => {\n  expect(response.status).to.eq(200);\n  expect(response.body).to.have.property('title', 'Post atualizado');\n});",
              "err": {},
              "uuid": "31f3c646-4abd-4d4c-9a0b-863118da57e1",
              "parentUUID": "53a6c749-9311-453e-9859-4f770a3ff76f",
              "isHook": false,
              "skipped": false
            },
            {
              "title": "Deve validar remoção de post com DELETE",
              "fullTitle": "API - JSONPlaceholder Posts Deve validar remoção de post com DELETE",
              "timedOut": null,
              "duration": 153,
              "state": "passed",
              "speed": "fast",
              "pass": true,
              "fail": false,
              "pending": false,
              "context": null,
              "code": "cy.request({\n  method: 'DELETE',\n  url: `${baseUrl}/posts/1`\n}).then(response => {\n  expect(response.status).to.eq(200);\n});",
              "err": {},
              "uuid": "dd59a265-ceb8-4cbc-81c6-0e8abe6d84b0",
              "parentUUID": "53a6c749-9311-453e-9859-4f770a3ff76f",
              "isHook": false,
              "skipped": false
            },
            {
              "title": "Deve validar criação de post com massa dinâmica",
              "fullTitle": "API - JSONPlaceholder Posts Deve validar criação de post com massa dinâmica",
              "timedOut": null,
              "duration": 153,
              "state": "passed",
              "speed": "fast",
              "pass": true,
              "fail": false,
              "pending": false,
              "context": null,
              "code": "const payload = {\n  title: _faker.faker.lorem.words(3),\n  body: _faker.faker.lorem.paragraph(),\n  userId: _faker.faker.number.int({\n    min: 1,\n    max: 10\n  })\n};\ncy.request({\n  method: 'POST',\n  url: `${baseUrl}/posts`,\n  body: payload\n}).then(response => {\n  expect(response.status).to.eq(201);\n  expect(response.body.title).to.eq(payload.title);\n  expect(response.body.userId).to.eq(payload.userId);\n});",
              "err": {},
              "uuid": "354d44b3-e651-436e-bd68-812174017572",
              "parentUUID": "53a6c749-9311-453e-9859-4f770a3ff76f",
              "isHook": false,
              "skipped": false
            }
          ],
          "suites": [],
          "passes": [
            "a229a3c4-eb42-4b33-82a2-9cb9d6f88155",
            "c72284eb-ce5a-40d7-a9d4-54b22268f466",
            "31f3c646-4abd-4d4c-9a0b-863118da57e1",
            "dd59a265-ceb8-4cbc-81c6-0e8abe6d84b0",
            "354d44b3-e651-436e-bd68-812174017572"
          ],
          "failures": [],
          "pending": [],
          "skipped": [],
          "duration": 1000,
          "root": false,
          "rootEmpty": false,
          "_timeout": 2000
        }
      ],
      "passes": [],
      "failures": [],
      "pending": [],
      "skipped": [],
      "duration": 0,
      "root": true,
      "rootEmpty": true,
      "_timeout": 2000
    }
  ],
  "meta": {
    "mocha": {
      "version": "7.2.0"
    },
    "mochawesome": {
      "options": {
        "quiet": false,
        "reportFilename": "mochawesome",
        "saveHtml": true,
        "saveJson": true,
        "consoleReporter": "spec",
        "useInlineDiffs": false,
        "code": true
      },
      "version": "7.1.4"
    },
    "marge": {
      "options": {
        "reportDir": "cypress/reports/mochawesome-report",
        "overwrite": false,
        "html": true,
        "json": true,
        "timestamp": "mmddyyyy_HHMMss"
      },
      "version": "6.3.2"
    }
  }
}