{
  "stats": {
    "suites": 1,
    "tests": 4,
    "passes": 4,
    "pending": 0,
    "failures": 0,
    "start": "2026-05-15T18:29:10.097Z",
    "end": "2026-05-15T18:29:10.775Z",
    "duration": 678,
    "testsRegistered": 4,
    "passPercent": 100,
    "pendingPercent": 0,
    "other": 0,
    "hasOther": false,
    "skipped": 0,
    "hasSkipped": false
  },
  "results": [
    {
      "uuid": "fe4854ee-8ccc-49ea-b26d-17ded02ab6f7",
      "title": "",
      "fullFile": "cypress\\e2e\\api\\posts-negative.cy.js",
      "file": "cypress\\e2e\\api\\posts-negative.cy.js",
      "beforeHooks": [],
      "afterHooks": [],
      "tests": [],
      "suites": [
        {
          "uuid": "5847c24b-193b-4156-929e-3b94b2dd73de",
          "title": "API - JSONPlaceholder Posts - Cenários Negativos",
          "fullFile": "",
          "file": "",
          "beforeHooks": [],
          "afterHooks": [],
          "tests": [
            {
              "title": "GET - Deve validar post inexistente",
              "fullTitle": "API - JSONPlaceholder Posts - Cenários Negativos GET - Deve validar post inexistente",
              "timedOut": null,
              "duration": 126,
              "state": "passed",
              "speed": "fast",
              "pass": true,
              "fail": false,
              "pending": false,
              "context": null,
              "code": "cy.request({\n  method: 'GET',\n  url: `${baseUrl}/posts/999999`,\n  failOnStatusCode: false\n}).then(response => {\n  expect(response.status).to.eq(404);\n});",
              "err": {},
              "uuid": "6d5b0abf-a3ea-4859-b3dd-a91e31c99e9a",
              "parentUUID": "5847c24b-193b-4156-929e-3b94b2dd73de",
              "isHook": false,
              "skipped": false
            },
            {
              "title": "POST - Deve validar criação de post sem body",
              "fullTitle": "API - JSONPlaceholder Posts - Cenários Negativos POST - Deve validar criação de post sem body",
              "timedOut": null,
              "duration": 161,
              "state": "passed",
              "speed": "fast",
              "pass": true,
              "fail": false,
              "pending": false,
              "context": null,
              "code": "cy.request({\n  method: 'POST',\n  url: `${baseUrl}/posts`,\n  body: {},\n  failOnStatusCode: false\n}).then(response => {\n  expect(response.status).to.eq(201);\n  expect(response.body).to.have.property('id');\n});",
              "err": {},
              "uuid": "c3774eb9-0c17-46e8-8246-9f18df285ef0",
              "parentUUID": "5847c24b-193b-4156-929e-3b94b2dd73de",
              "isHook": false,
              "skipped": false
            },
            {
              "title": "PUT - Deve validar atualização com ID inexistente",
              "fullTitle": "API - JSONPlaceholder Posts - Cenários Negativos PUT - Deve validar atualização com ID inexistente",
              "timedOut": null,
              "duration": 151,
              "state": "passed",
              "speed": "fast",
              "pass": true,
              "fail": false,
              "pending": false,
              "context": null,
              "code": "cy.request({\n  method: 'PUT',\n  url: `${baseUrl}/posts/999999`,\n  body: {\n    title: 'Teste negativo'\n  },\n  failOnStatusCode: false\n}).then(response => {\n  expect(response.status).to.eq(500);\n});",
              "err": {},
              "uuid": "de5ea3b2-df2c-4163-b29a-44070eb615a2",
              "parentUUID": "5847c24b-193b-4156-929e-3b94b2dd73de",
              "isHook": false,
              "skipped": false
            },
            {
              "title": "DELETE - Deve validar remoção de post inexistente",
              "fullTitle": "API - JSONPlaceholder Posts - Cenários Negativos DELETE - Deve validar remoção de post inexistente",
              "timedOut": null,
              "duration": 148,
              "state": "passed",
              "speed": "fast",
              "pass": true,
              "fail": false,
              "pending": false,
              "context": null,
              "code": "cy.request({\n  method: 'DELETE',\n  url: `${baseUrl}/posts/999999`,\n  failOnStatusCode: false\n}).then(response => {\n  expect(response.status).to.eq(200);\n});",
              "err": {},
              "uuid": "25012284-c12c-4746-9d7f-dcdfc4d767f2",
              "parentUUID": "5847c24b-193b-4156-929e-3b94b2dd73de",
              "isHook": false,
              "skipped": false
            }
          ],
          "suites": [],
          "passes": [
            "6d5b0abf-a3ea-4859-b3dd-a91e31c99e9a",
            "c3774eb9-0c17-46e8-8246-9f18df285ef0",
            "de5ea3b2-df2c-4163-b29a-44070eb615a2",
            "25012284-c12c-4746-9d7f-dcdfc4d767f2"
          ],
          "failures": [],
          "pending": [],
          "skipped": [],
          "duration": 586,
          "root": false,
          "rootEmpty": false,
          "_timeout": 2000
        }
      ],
      "passes": [],
      "failures": [],
      "pending": [],
      "skipped": [],
      "duration": 0,
      "root": true,
      "rootEmpty": true,
      "_timeout": 2000
    }
  ],
  "meta": {
    "mocha": {
      "version": "7.2.0"
    },
    "mochawesome": {
      "options": {
        "quiet": false,
        "reportFilename": "mochawesome",
        "saveHtml": true,
        "saveJson": true,
        "consoleReporter": "spec",
        "useInlineDiffs": false,
        "code": true
      },
      "version": "7.1.4"
    },
    "marge": {
      "options": {
        "reportDir": "cypress/reports/mochawesome-report",
        "overwrite": false,
        "html": true,
        "json": true,
        "timestamp": "mmddyyyy_HHMMss"
      },
      "version": "6.3.2"
    }
  }
}