{
  "stats": {
    "suites": 1,
    "tests": 5,
    "passes": 5,
    "pending": 0,
    "failures": 0,
    "start": "2026-05-15T18:09:43.291Z",
    "end": "2026-05-15T18:09:44.330Z",
    "duration": 1039,
    "testsRegistered": 5,
    "passPercent": 100,
    "pendingPercent": 0,
    "other": 0,
    "hasOther": false,
    "skipped": 0,
    "hasSkipped": false
  },
  "results": [
    {
      "uuid": "27e81c93-593d-4339-a9b5-521adb813fca",
      "title": "",
      "fullFile": "cypress\\e2e\\api\\posts-api.cy.js",
      "file": "cypress\\e2e\\api\\posts-api.cy.js",
      "beforeHooks": [],
      "afterHooks": [],
      "tests": [],
      "suites": [
        {
          "uuid": "7eae9b00-7071-4811-bb6f-81902b7cb276",
          "title": "API - JSONPlaceholder Posts",
          "fullFile": "",
          "file": "",
          "beforeHooks": [],
          "afterHooks": [],
          "tests": [
            {
              "title": "Deve validar GET de um post existente",
              "fullTitle": "API - JSONPlaceholder Posts Deve validar GET de um post existente",
              "timedOut": null,
              "duration": 152,
              "state": "passed",
              "speed": "fast",
              "pass": true,
              "fail": false,
              "pending": false,
              "context": null,
              "code": "cy.request(`${baseUrl}/posts/1`).then(response => {\n  expect(response.status).to.eq(200);\n  expect(response.body).to.have.property('id', 1);\n  expect(response.body).to.have.property('title');\n  expect(response.body).to.have.property('body');\n});",
              "err": {},
              "uuid": "caa8e35d-2f27-4c06-be57-952feca43578",
              "parentUUID": "7eae9b00-7071-4811-bb6f-81902b7cb276",
              "isHook": false,
              "skipped": false
            },
            {
              "title": "Deve validar criação de post com POST",
              "fullTitle": "API - JSONPlaceholder Posts Deve validar criação de post com POST",
              "timedOut": null,
              "duration": 197,
              "state": "passed",
              "speed": "fast",
              "pass": true,
              "fail": false,
              "pending": false,
              "context": null,
              "code": "cy.fixture('post').then(massa => {\n  cy.request({\n    method: 'POST',\n    url: `${baseUrl}/posts`,\n    body: massa\n  }).then(response => {\n    expect(response.status).to.eq(201);\n    expect(response.body).to.have.property('title', massa.title);\n    expect(response.body).to.have.property('userId', massa.userId);\n  });\n});",
              "err": {},
              "uuid": "5745fba9-8a36-46ec-aa4b-df9e7b13c382",
              "parentUUID": "7eae9b00-7071-4811-bb6f-81902b7cb276",
              "isHook": false,
              "skipped": false
            },
            {
              "title": "Deve validar atualização de post com PUT",
              "fullTitle": "API - JSONPlaceholder Posts Deve validar atualização de post com PUT",
              "timedOut": null,
              "duration": 170,
              "state": "passed",
              "speed": "fast",
              "pass": true,
              "fail": false,
              "pending": false,
              "context": null,
              "code": "cy.request({\n  method: 'PUT',\n  url: `${baseUrl}/posts/1`,\n  body: {\n    id: 1,\n    title: 'Post atualizado',\n    body: 'Conteúdo atualizado',\n    userId: 1\n  }\n}).then(response => {\n  expect(response.status).to.eq(200);\n  expect(response.body).to.have.property('title', 'Post atualizado');\n});",
              "err": {},
              "uuid": "4ca32c12-99d7-42c5-89dd-394b282cf597",
              "parentUUID": "7eae9b00-7071-4811-bb6f-81902b7cb276",
              "isHook": false,
              "skipped": false
            },
            {
              "title": "Deve validar remoção de post com DELETE",
              "fullTitle": "API - JSONPlaceholder Posts Deve validar remoção de post com DELETE",
              "timedOut": null,
              "duration": 160,
              "state": "passed",
              "speed": "fast",
              "pass": true,
              "fail": false,
              "pending": false,
              "context": null,
              "code": "cy.request({\n  method: 'DELETE',\n  url: `${baseUrl}/posts/1`\n}).then(response => {\n  expect(response.status).to.eq(200);\n});",
              "err": {},
              "uuid": "494bdd70-116c-4667-a48b-43c29847f71f",
              "parentUUID": "7eae9b00-7071-4811-bb6f-81902b7cb276",
              "isHook": false,
              "skipped": false
            },
            {
              "title": "Deve validar criação de post com massa dinâmica",
              "fullTitle": "API - JSONPlaceholder Posts Deve validar criação de post com massa dinâmica",
              "timedOut": null,
              "duration": 163,
              "state": "passed",
              "speed": "fast",
              "pass": true,
              "fail": false,
              "pending": false,
              "context": null,
              "code": "const payload = {\n  title: _faker.faker.lorem.words(3),\n  body: _faker.faker.lorem.paragraph(),\n  userId: _faker.faker.number.int({\n    min: 1,\n    max: 10\n  })\n};\ncy.request({\n  method: 'POST',\n  url: `${baseUrl}/posts`,\n  body: payload\n}).then(response => {\n  expect(response.status).to.eq(201);\n  expect(response.body.title).to.eq(payload.title);\n  expect(response.body.userId).to.eq(payload.userId);\n});",
              "err": {},
              "uuid": "55319d89-70c6-4849-a236-19ecc3168e85",
              "parentUUID": "7eae9b00-7071-4811-bb6f-81902b7cb276",
              "isHook": false,
              "skipped": false
            }
          ],
          "suites": [],
          "passes": [
            "caa8e35d-2f27-4c06-be57-952feca43578",
            "5745fba9-8a36-46ec-aa4b-df9e7b13c382",
            "4ca32c12-99d7-42c5-89dd-394b282cf597",
            "494bdd70-116c-4667-a48b-43c29847f71f",
            "55319d89-70c6-4849-a236-19ecc3168e85"
          ],
          "failures": [],
          "pending": [],
          "skipped": [],
          "duration": 842,
          "root": false,
          "rootEmpty": false,
          "_timeout": 2000
        }
      ],
      "passes": [],
      "failures": [],
      "pending": [],
      "skipped": [],
      "duration": 0,
      "root": true,
      "rootEmpty": true,
      "_timeout": 2000
    }
  ],
  "meta": {
    "mocha": {
      "version": "7.2.0"
    },
    "mochawesome": {
      "options": {
        "quiet": false,
        "reportFilename": "mochawesome",
        "saveHtml": true,
        "saveJson": true,
        "consoleReporter": "spec",
        "useInlineDiffs": false,
        "code": true
      },
      "version": "7.1.4"
    },
    "marge": {
      "options": {
        "reportDir": "cypress/reports/mochawesome-report",
        "overwrite": false,
        "html": true,
        "json": true,
        "timestamp": "mmddyyyy_HHMMss"
      },
      "version": "6.3.2"
    }
  }
}