{
  "stats": {
    "suites": 1,
    "tests": 4,
    "passes": 4,
    "pending": 0,
    "failures": 0,
    "start": "2026-05-15T18:13:48.963Z",
    "end": "2026-05-15T18:13:50.107Z",
    "duration": 1144,
    "testsRegistered": 4,
    "passPercent": 100,
    "pendingPercent": 0,
    "other": 0,
    "hasOther": false,
    "skipped": 0,
    "hasSkipped": false
  },
  "results": [
    {
      "uuid": "3e5861d4-fc99-4514-8658-f2506a7a7e14",
      "title": "",
      "fullFile": "cypress\\e2e\\api\\posts-negative.cy.js",
      "file": "cypress\\e2e\\api\\posts-negative.cy.js",
      "beforeHooks": [],
      "afterHooks": [],
      "tests": [],
      "suites": [
        {
          "uuid": "47370ae2-d8fd-48d2-bec3-80d8fae40671",
          "title": "API - JSONPlaceholder Posts - Cenários Negativos",
          "fullFile": "",
          "file": "",
          "beforeHooks": [],
          "afterHooks": [],
          "tests": [
            {
              "title": "GET - Deve validar post inexistente",
              "fullTitle": "API - JSONPlaceholder Posts - Cenários Negativos GET - Deve validar post inexistente",
              "timedOut": null,
              "duration": 467,
              "state": "passed",
              "speed": "fast",
              "pass": true,
              "fail": false,
              "pending": false,
              "context": null,
              "code": "cy.request({\n  method: 'GET',\n  url: `${baseUrl}/posts/999999`,\n  failOnStatusCode: false\n}).then(response => {\n  expect(response.status).to.eq(404);\n});",
              "err": {},
              "uuid": "c0a0705c-f9db-4f6b-adbe-918d714eefbf",
              "parentUUID": "47370ae2-d8fd-48d2-bec3-80d8fae40671",
              "isHook": false,
              "skipped": false
            },
            {
              "title": "POST - Deve validar criação de post sem body",
              "fullTitle": "API - JSONPlaceholder Posts - Cenários Negativos POST - Deve validar criação de post sem body",
              "timedOut": null,
              "duration": 179,
              "state": "passed",
              "speed": "fast",
              "pass": true,
              "fail": false,
              "pending": false,
              "context": null,
              "code": "cy.request({\n  method: 'POST',\n  url: `${baseUrl}/posts`,\n  body: {},\n  failOnStatusCode: false\n}).then(response => {\n  expect(response.status).to.eq(201);\n  expect(response.body).to.have.property('id');\n});",
              "err": {},
              "uuid": "7881c173-9930-4ea8-b38f-104c85797f76",
              "parentUUID": "47370ae2-d8fd-48d2-bec3-80d8fae40671",
              "isHook": false,
              "skipped": false
            },
            {
              "title": "PUT - Deve validar atualização com ID inexistente",
              "fullTitle": "API - JSONPlaceholder Posts - Cenários Negativos PUT - Deve validar atualização com ID inexistente",
              "timedOut": null,
              "duration": 171,
              "state": "passed",
              "speed": "fast",
              "pass": true,
              "fail": false,
              "pending": false,
              "context": null,
              "code": "cy.request({\n  method: 'PUT',\n  url: `${baseUrl}/posts/999999`,\n  body: {\n    title: 'Teste negativo'\n  },\n  failOnStatusCode: false\n}).then(response => {\n  expect(response.status).to.eq(500);\n});",
              "err": {},
              "uuid": "68191bd8-7c78-4f8f-95ad-0e46e9468f2d",
              "parentUUID": "47370ae2-d8fd-48d2-bec3-80d8fae40671",
              "isHook": false,
              "skipped": false
            },
            {
              "title": "DELETE - Deve validar remoção de post inexistente",
              "fullTitle": "API - JSONPlaceholder Posts - Cenários Negativos DELETE - Deve validar remoção de post inexistente",
              "timedOut": null,
              "duration": 170,
              "state": "passed",
              "speed": "fast",
              "pass": true,
              "fail": false,
              "pending": false,
              "context": null,
              "code": "cy.request({\n  method: 'DELETE',\n  url: `${baseUrl}/posts/999999`,\n  failOnStatusCode: false\n}).then(response => {\n  expect(response.status).to.eq(200);\n});",
              "err": {},
              "uuid": "432a0abb-b0f4-4e79-8bd3-3725e13cdf42",
              "parentUUID": "47370ae2-d8fd-48d2-bec3-80d8fae40671",
              "isHook": false,
              "skipped": false
            }
          ],
          "suites": [],
          "passes": [
            "c0a0705c-f9db-4f6b-adbe-918d714eefbf",
            "7881c173-9930-4ea8-b38f-104c85797f76",
            "68191bd8-7c78-4f8f-95ad-0e46e9468f2d",
            "432a0abb-b0f4-4e79-8bd3-3725e13cdf42"
          ],
          "failures": [],
          "pending": [],
          "skipped": [],
          "duration": 987,
          "root": false,
          "rootEmpty": false,
          "_timeout": 2000
        }
      ],
      "passes": [],
      "failures": [],
      "pending": [],
      "skipped": [],
      "duration": 0,
      "root": true,
      "rootEmpty": true,
      "_timeout": 2000
    }
  ],
  "meta": {
    "mocha": {
      "version": "7.2.0"
    },
    "mochawesome": {
      "options": {
        "quiet": false,
        "reportFilename": "mochawesome",
        "saveHtml": true,
        "saveJson": true,
        "consoleReporter": "spec",
        "useInlineDiffs": false,
        "code": true
      },
      "version": "7.1.4"
    },
    "marge": {
      "options": {
        "reportDir": "cypress/reports/mochawesome-report",
        "overwrite": false,
        "html": true,
        "json": true,
        "timestamp": "mmddyyyy_HHMMss"
      },
      "version": "6.3.2"
    }
  }
}