{
  "stats": {
    "suites": 1,
    "tests": 4,
    "passes": 4,
    "pending": 0,
    "failures": 0,
    "start": "2026-05-15T18:31:24.740Z",
    "end": "2026-05-15T18:31:25.583Z",
    "duration": 843,
    "testsRegistered": 4,
    "passPercent": 100,
    "pendingPercent": 0,
    "other": 0,
    "hasOther": false,
    "skipped": 0,
    "hasSkipped": false
  },
  "results": [
    {
      "uuid": "2605515f-7f8b-4de9-902b-ddb0fbb77800",
      "title": "",
      "fullFile": "cypress\\e2e\\api\\posts-negative.cy.js",
      "file": "cypress\\e2e\\api\\posts-negative.cy.js",
      "beforeHooks": [],
      "afterHooks": [],
      "tests": [],
      "suites": [
        {
          "uuid": "fcd6d1a9-1e3d-46b4-9a8c-0c109327aa61",
          "title": "API - JSONPlaceholder Posts - Cenários Negativos",
          "fullFile": "",
          "file": "",
          "beforeHooks": [],
          "afterHooks": [],
          "tests": [
            {
              "title": "GET - Deve validar post inexistente",
              "fullTitle": "API - JSONPlaceholder Posts - Cenários Negativos GET - Deve validar post inexistente",
              "timedOut": null,
              "duration": 79,
              "state": "passed",
              "speed": "fast",
              "pass": true,
              "fail": false,
              "pending": false,
              "context": null,
              "code": "cy.request({\n  method: 'GET',\n  url: `${baseUrl}/posts/999999`,\n  failOnStatusCode: false\n}).then(response => {\n  expect(response.status).to.eq(404);\n});",
              "err": {},
              "uuid": "affc52ba-0f96-4355-a7fe-9fcb50dddb8b",
              "parentUUID": "fcd6d1a9-1e3d-46b4-9a8c-0c109327aa61",
              "isHook": false,
              "skipped": false
            },
            {
              "title": "POST - Deve validar criação de post sem body",
              "fullTitle": "API - JSONPlaceholder Posts - Cenários Negativos POST - Deve validar criação de post sem body",
              "timedOut": null,
              "duration": 152,
              "state": "passed",
              "speed": "fast",
              "pass": true,
              "fail": false,
              "pending": false,
              "context": null,
              "code": "cy.request({\n  method: 'POST',\n  url: `${baseUrl}/posts`,\n  body: {},\n  failOnStatusCode: false\n}).then(response => {\n  expect(response.status).to.eq(201);\n  expect(response.body).to.have.property('id');\n});",
              "err": {},
              "uuid": "610dae2f-518c-46ac-ace3-a1f0326ae172",
              "parentUUID": "fcd6d1a9-1e3d-46b4-9a8c-0c109327aa61",
              "isHook": false,
              "skipped": false
            },
            {
              "title": "PUT - Deve validar atualização com ID inexistente",
              "fullTitle": "API - JSONPlaceholder Posts - Cenários Negativos PUT - Deve validar atualização com ID inexistente",
              "timedOut": null,
              "duration": 390,
              "state": "passed",
              "speed": "fast",
              "pass": true,
              "fail": false,
              "pending": false,
              "context": null,
              "code": "cy.request({\n  method: 'PUT',\n  url: `${baseUrl}/posts/999999`,\n  body: {\n    title: 'Teste negativo'\n  },\n  failOnStatusCode: false\n}).then(response => {\n  expect(response.status).to.eq(500);\n});",
              "err": {},
              "uuid": "8c54fe31-5614-49b9-ae22-da7706ac3244",
              "parentUUID": "fcd6d1a9-1e3d-46b4-9a8c-0c109327aa61",
              "isHook": false,
              "skipped": false
            },
            {
              "title": "DELETE - Deve validar remoção de post inexistente",
              "fullTitle": "API - JSONPlaceholder Posts - Cenários Negativos DELETE - Deve validar remoção de post inexistente",
              "timedOut": null,
              "duration": 141,
              "state": "passed",
              "speed": "fast",
              "pass": true,
              "fail": false,
              "pending": false,
              "context": null,
              "code": "cy.request({\n  method: 'DELETE',\n  url: `${baseUrl}/posts/999999`,\n  failOnStatusCode: false\n}).then(response => {\n  expect(response.status).to.eq(200);\n});",
              "err": {},
              "uuid": "c2749892-4abf-4ec3-ab73-9cbfc63c1ca6",
              "parentUUID": "fcd6d1a9-1e3d-46b4-9a8c-0c109327aa61",
              "isHook": false,
              "skipped": false
            }
          ],
          "suites": [],
          "passes": [
            "affc52ba-0f96-4355-a7fe-9fcb50dddb8b",
            "610dae2f-518c-46ac-ace3-a1f0326ae172",
            "8c54fe31-5614-49b9-ae22-da7706ac3244",
            "c2749892-4abf-4ec3-ab73-9cbfc63c1ca6"
          ],
          "failures": [],
          "pending": [],
          "skipped": [],
          "duration": 762,
          "root": false,
          "rootEmpty": false,
          "_timeout": 2000
        }
      ],
      "passes": [],
      "failures": [],
      "pending": [],
      "skipped": [],
      "duration": 0,
      "root": true,
      "rootEmpty": true,
      "_timeout": 2000
    }
  ],
  "meta": {
    "mocha": {
      "version": "7.2.0"
    },
    "mochawesome": {
      "options": {
        "quiet": false,
        "reportFilename": "mochawesome",
        "saveHtml": true,
        "saveJson": true,
        "consoleReporter": "spec",
        "useInlineDiffs": false,
        "code": true
      },
      "version": "7.1.4"
    },
    "marge": {
      "options": {
        "reportDir": "cypress/reports/mochawesome-report",
        "overwrite": false,
        "html": true,
        "json": true,
        "timestamp": "mmddyyyy_HHMMss"
      },
      "version": "6.3.2"
    }
  }
}