{
  "stats": {
    "suites": 1,
    "tests": 5,
    "passes": 5,
    "pending": 0,
    "failures": 0,
    "start": "2026-05-15T18:13:43.896Z",
    "end": "2026-05-15T18:13:45.218Z",
    "duration": 1322,
    "testsRegistered": 5,
    "passPercent": 100,
    "pendingPercent": 0,
    "other": 0,
    "hasOther": false,
    "skipped": 0,
    "hasSkipped": false
  },
  "results": [
    {
      "uuid": "6d535d2d-3372-4d3b-a0c6-d021fffc56e5",
      "title": "",
      "fullFile": "cypress\\e2e\\api\\posts-api.cy.js",
      "file": "cypress\\e2e\\api\\posts-api.cy.js",
      "beforeHooks": [],
      "afterHooks": [],
      "tests": [],
      "suites": [
        {
          "uuid": "7acfeb5c-3b4f-4be9-a317-11cd10589a58",
          "title": "API - JSONPlaceholder Posts",
          "fullFile": "",
          "file": "",
          "beforeHooks": [],
          "afterHooks": [],
          "tests": [
            {
              "title": "Deve validar GET de um post existente",
              "fullTitle": "API - JSONPlaceholder Posts Deve validar GET de um post existente",
              "timedOut": null,
              "duration": 103,
              "state": "passed",
              "speed": "fast",
              "pass": true,
              "fail": false,
              "pending": false,
              "context": null,
              "code": "cy.request(`${baseUrl}/posts/1`).then(response => {\n  expect(response.status).to.eq(200);\n  expect(response.body).to.have.property('id', 1);\n  expect(response.body).to.have.property('title');\n  expect(response.body).to.have.property('body');\n});",
              "err": {},
              "uuid": "f7a2332b-c05b-4f45-b08c-24cf99d2c3bf",
              "parentUUID": "7acfeb5c-3b4f-4be9-a317-11cd10589a58",
              "isHook": false,
              "skipped": false
            },
            {
              "title": "Deve validar criação de post com POST",
              "fullTitle": "API - JSONPlaceholder Posts Deve validar criação de post com POST",
              "timedOut": null,
              "duration": 215,
              "state": "passed",
              "speed": "fast",
              "pass": true,
              "fail": false,
              "pending": false,
              "context": null,
              "code": "cy.fixture('post').then(massa => {\n  cy.request({\n    method: 'POST',\n    url: `${baseUrl}/posts`,\n    body: massa\n  }).then(response => {\n    expect(response.status).to.eq(201);\n    expect(response.body).to.have.property('title', massa.title);\n    expect(response.body).to.have.property('userId', massa.userId);\n  });\n});",
              "err": {},
              "uuid": "6c72b32f-42e2-4a16-84dc-d22661f7e5a5",
              "parentUUID": "7acfeb5c-3b4f-4be9-a317-11cd10589a58",
              "isHook": false,
              "skipped": false
            },
            {
              "title": "Deve validar atualização de post com PUT",
              "fullTitle": "API - JSONPlaceholder Posts Deve validar atualização de post com PUT",
              "timedOut": null,
              "duration": 418,
              "state": "passed",
              "speed": "fast",
              "pass": true,
              "fail": false,
              "pending": false,
              "context": null,
              "code": "cy.request({\n  method: 'PUT',\n  url: `${baseUrl}/posts/1`,\n  body: {\n    id: 1,\n    title: 'Post atualizado',\n    body: 'Conteúdo atualizado',\n    userId: 1\n  }\n}).then(response => {\n  expect(response.status).to.eq(200);\n  expect(response.body).to.have.property('title', 'Post atualizado');\n});",
              "err": {},
              "uuid": "815b0770-d75e-493e-b90f-f2f4b49bf906",
              "parentUUID": "7acfeb5c-3b4f-4be9-a317-11cd10589a58",
              "isHook": false,
              "skipped": false
            },
            {
              "title": "Deve validar remoção de post com DELETE",
              "fullTitle": "API - JSONPlaceholder Posts Deve validar remoção de post com DELETE",
              "timedOut": null,
              "duration": 205,
              "state": "passed",
              "speed": "fast",
              "pass": true,
              "fail": false,
              "pending": false,
              "context": null,
              "code": "cy.request({\n  method: 'DELETE',\n  url: `${baseUrl}/posts/1`\n}).then(response => {\n  expect(response.status).to.eq(200);\n});",
              "err": {},
              "uuid": "21248849-bff6-4e81-9660-9cb23a095e80",
              "parentUUID": "7acfeb5c-3b4f-4be9-a317-11cd10589a58",
              "isHook": false,
              "skipped": false
            },
            {
              "title": "Deve validar criação de post com massa dinâmica",
              "fullTitle": "API - JSONPlaceholder Posts Deve validar criação de post com massa dinâmica",
              "timedOut": null,
              "duration": 182,
              "state": "passed",
              "speed": "fast",
              "pass": true,
              "fail": false,
              "pending": false,
              "context": null,
              "code": "const payload = {\n  title: _faker.faker.lorem.words(3),\n  body: _faker.faker.lorem.paragraph(),\n  userId: _faker.faker.number.int({\n    min: 1,\n    max: 10\n  })\n};\ncy.request({\n  method: 'POST',\n  url: `${baseUrl}/posts`,\n  body: payload\n}).then(response => {\n  expect(response.status).to.eq(201);\n  expect(response.body.title).to.eq(payload.title);\n  expect(response.body.userId).to.eq(payload.userId);\n});",
              "err": {},
              "uuid": "e8314781-fad8-48a4-a635-288deed16f1a",
              "parentUUID": "7acfeb5c-3b4f-4be9-a317-11cd10589a58",
              "isHook": false,
              "skipped": false
            }
          ],
          "suites": [],
          "passes": [
            "f7a2332b-c05b-4f45-b08c-24cf99d2c3bf",
            "6c72b32f-42e2-4a16-84dc-d22661f7e5a5",
            "815b0770-d75e-493e-b90f-f2f4b49bf906",
            "21248849-bff6-4e81-9660-9cb23a095e80",
            "e8314781-fad8-48a4-a635-288deed16f1a"
          ],
          "failures": [],
          "pending": [],
          "skipped": [],
          "duration": 1123,
          "root": false,
          "rootEmpty": false,
          "_timeout": 2000
        }
      ],
      "passes": [],
      "failures": [],
      "pending": [],
      "skipped": [],
      "duration": 0,
      "root": true,
      "rootEmpty": true,
      "_timeout": 2000
    }
  ],
  "meta": {
    "mocha": {
      "version": "7.2.0"
    },
    "mochawesome": {
      "options": {
        "quiet": false,
        "reportFilename": "mochawesome",
        "saveHtml": true,
        "saveJson": true,
        "consoleReporter": "spec",
        "useInlineDiffs": false,
        "code": true
      },
      "version": "7.1.4"
    },
    "marge": {
      "options": {
        "reportDir": "cypress/reports/mochawesome-report",
        "overwrite": false,
        "html": true,
        "json": true,
        "timestamp": "mmddyyyy_HHMMss"
      },
      "version": "6.3.2"
    }
  }
}