{
  "stats": {
    "suites": 1,
    "tests": 1,
    "passes": 1,
    "pending": 0,
    "failures": 0,
    "start": "2026-05-15T18:31:16.573Z",
    "end": "2026-05-15T18:31:16.816Z",
    "duration": 243,
    "testsRegistered": 1,
    "passPercent": 100,
    "pendingPercent": 0,
    "other": 0,
    "hasOther": false,
    "skipped": 0,
    "hasSkipped": false
  },
  "results": [
    {
      "uuid": "c329602c-52ae-49b5-82e1-1827dac39923",
      "title": "",
      "fullFile": "cypress\\e2e\\api\\api-health-check.cy.js",
      "file": "cypress\\e2e\\api\\api-health-check.cy.js",
      "beforeHooks": [],
      "afterHooks": [],
      "tests": [],
      "suites": [
        {
          "uuid": "c1bfa866-c655-459b-b844-77660c8c851a",
          "title": "API Health Check",
          "fullFile": "",
          "file": "",
          "beforeHooks": [],
          "afterHooks": [],
          "tests": [
            {
              "title": "should return status 200",
              "fullTitle": "API Health Check should return status 200",
              "timedOut": null,
              "duration": 150,
              "state": "passed",
              "speed": "fast",
              "pass": true,
              "fail": false,
              "pending": false,
              "context": null,
              "code": "cy.request({\n  method: 'GET',\n  url: 'https://jsonplaceholder.typicode.com/posts'\n}).then(response => {\n  expect(response.status).to.equal(200);\n});",
              "err": {},
              "uuid": "c94ff263-43ad-432c-9e65-4a0d4b199a2f",
              "parentUUID": "c1bfa866-c655-459b-b844-77660c8c851a",
              "isHook": false,
              "skipped": false
            }
          ],
          "suites": [],
          "passes": [
            "c94ff263-43ad-432c-9e65-4a0d4b199a2f"
          ],
          "failures": [],
          "pending": [],
          "skipped": [],
          "duration": 150,
          "root": false,
          "rootEmpty": false,
          "_timeout": 2000
        }
      ],
      "passes": [],
      "failures": [],
      "pending": [],
      "skipped": [],
      "duration": 0,
      "root": true,
      "rootEmpty": true,
      "_timeout": 2000
    }
  ],
  "meta": {
    "mocha": {
      "version": "7.2.0"
    },
    "mochawesome": {
      "options": {
        "quiet": false,
        "reportFilename": "mochawesome",
        "saveHtml": true,
        "saveJson": true,
        "consoleReporter": "spec",
        "useInlineDiffs": false,
        "code": true
      },
      "version": "7.1.4"
    },
    "marge": {
      "options": {
        "reportDir": "cypress/reports/mochawesome-report",
        "overwrite": false,
        "html": true,
        "json": true,
        "timestamp": "mmddyyyy_HHMMss"
      },
      "version": "6.3.2"
    }
  }
}